<?xml version="1.0" encoding="UTF-8"?>
<!-- Generated by org.testng.reporters.JUnitReportReporter -->
<testsuite hostname="Navneeth" failures="0" tests="1" name="docters.ValidatingDoctersDetails" time="69.105" errors="0" timestamp="24 Dec 2021 04:54:54 GMT" skipped="0">
  <testcase classname="docters.ValidatingDoctersDetails" name="gettingDocterDetailsBasedOnExperiance" time="69.105"/>
</testsuite> <!-- docters.ValidatingDoctersDetails -->
