<?xml version="1.0" encoding="UTF-8"?>
<!-- Generated by org.testng.reporters.JUnitReportReporter -->
<testsuite hostname="Navneeth" failures="0" tests="2" name="pharmacy.ValidatingTheHalfPriceStoreFunctionality" time="146.435" errors="0" timestamp="02 Jan 2022 17:31:02 GMT" skipped="0">
  <testcase classname="pharmacy.ValidatingTheHalfPriceStoreFunctionality" name="checkingTheFunctionalityOfNextSymbol" time="74.321"/>
  <testcase classname="pharmacy.ValidatingTheHalfPriceStoreFunctionality" name="addToCartByProductName" time="72.114"/>
</testsuite> <!-- pharmacy.ValidatingTheHalfPriceStoreFunctionality -->
