<?xml version="1.0" encoding="UTF-8"?>
<!-- Generated by org.testng.reporters.JUnitReportReporter -->
<testsuite hostname="Navneeth" failures="0" tests="1" name="pharmacy.ValidatingTheFunctionalityOfAddToCartInPharmacy" time="73.599" errors="0" timestamp="02 Jan 2022 17:31:02 GMT" skipped="0">
  <testcase classname="pharmacy.ValidatingTheFunctionalityOfAddToCartInPharmacy" name="clickOnAddToCart" time="73.599"/>
</testsuite> <!-- pharmacy.ValidatingTheFunctionalityOfAddToCartInPharmacy -->
