<?xml version="1.0" encoding="UTF-8"?>
<!-- Generated by org.testng.reporters.JUnitReportReporter -->
<testsuite hostname="Navneeth" failures="0" tests="1" name="pharmacy.ValidatingTheFunctionalityOfSortInRecomendation" time="23.541" errors="0" timestamp="23 Dec 2021 06:17:34 GMT" skipped="0">
  <testcase classname="pharmacy.ValidatingTheFunctionalityOfSortInRecomendation" name="checkingTheFunctionalityOfHighToLow" time="23.541"/>
</testsuite> <!-- pharmacy.ValidatingTheFunctionalityOfSortInRecomendation -->
