<?xml version="1.0" encoding="UTF-8"?>
<!-- Generated by org.testng.reporters.JUnitReportReporter -->
<testsuite hostname="Navneeth" failures="0" tests="2" name="docters.ValidatingThePopularCityOptions" time="32.917" errors="0" timestamp="31 Dec 2021 12:50:00 GMT" skipped="1">
  <testcase classname="docters.ValidatingThePopularCityOptions" name="verifyingTheResultsOfCitysButton" time="32.917"/>
  <testcase classname="docters.ValidatingThePopularCityOptions" name="chekingTheFunctionalityOfCityButtons">
    <skipped/>
  </testcase> <!-- chekingTheFunctionalityOfCityButtons -->
</testsuite> <!-- docters.ValidatingThePopularCityOptions -->
