<?xml version="1.0" encoding="UTF-8"?>
<!-- Generated by org.testng.reporters.JUnitReportReporter -->
<testsuite hostname="Navneeth" failures="0" tests="1" name="pharmacy.ValidatingTheFunctionalityOfAddToCartInPharmacy" time="21.191" errors="0" timestamp="24 Dec 2021 17:03:10 GMT" skipped="0">
  <testcase classname="pharmacy.ValidatingTheFunctionalityOfAddToCartInPharmacy" name="clickOnAddToCart" time="21.191"/>
</testsuite> <!-- pharmacy.ValidatingTheFunctionalityOfAddToCartInPharmacy -->
