<?xml version="1.0" encoding="UTF-8"?>
<!-- Generated by org.testng.reporters.JUnitReportReporter -->
<testsuite hostname="Navneeth" failures="0" tests="2" name="pharmacy.ValidatingTheHalfPriceStoreFunctionality" time="33.786" errors="0" timestamp="27 Dec 2021 06:02:16 GMT" skipped="1">
  <testcase classname="pharmacy.ValidatingTheHalfPriceStoreFunctionality" name="checkingTheFunctionalityOfNextSymbol" time="33.786"/>
  <testcase classname="pharmacy.ValidatingTheHalfPriceStoreFunctionality" name="addToCartByProductName">
    <skipped/>
  </testcase> <!-- addToCartByProductName -->
</testsuite> <!-- pharmacy.ValidatingTheHalfPriceStoreFunctionality -->
